 --- BIN FILE READ: seq_QFS_16_small_maps
  10906 INCLUDE 'seq_QFS_16_small_maps';
  10907   PROCEDURE INJECT;
  10908     CR; %CR:  947
  10909     SR 0 0 0 0 0 0 0 0 1; %SR: 2082
  10910     SSR 0 0 1; %SSR: 2197
  10911     SR 1E-3 0 0 0 0 0 0 0 1; %SR: 2082
  10912     SSR 0 0 1; %SSR: 2197
  10913     SR 0 0 0 0 0 1E-4 0 0 1; %SR: 2082
  10914     SSR 0 0 1; %SSR: 2197
  10915     SR .5E-3 0 0 0 0 0 0 0 1; %SR: 2082
  10916     SSR 0 0 1; %SSR: 2197
  10917     SR 0 0 .5E-3 0 0 0 0 0 1; %SR: 2082
  10918     SSR 0 0 1; %SSR: 2197
  10919     ENDPROCEDURE;
  10920   PROCEDURE INJECT1 NUM;
  10921     VARIABLE X 100;
  10922     VARIABLE I 1;
  10923     CR; %CR:  947
  10924     X := LINSPACE(-1E-3, 1E-3, NUM); %LINSPACE: 9840
  10925     LOOP I 1 NUM;
  10926       SR X|I 0 0 0 0 0 0 0 1; %SR: 2082
  10927       SSR 0 0 1; %SSR: 2197
  10928       SR 0 0 X|I 0 0 0 0 0 1; %SR: 2082
  10929       SSR 0 0 1; %SSR: 2197
  10930       SR 0 0 0 0 0 (X|I)/10 0 0 1; %SR: 2082
  10931       SSR 0 0 1; %SSR: 2197
  10932       ENDLOOP;
  10933     ENDPROCEDURE;
  10934   PROCEDURE INJECT_SPIN NUM;
  10935     VARIABLE T 100;
  10936     VARIABLE C 100;
  10937     VARIABLE S 100;
  10938     VARIABLE I 1;
  10939     T := LINSPACE(0, 2*PI, NUM); %LINSPACE: 9840
  10940     C := COS(T);
  10941     S := SIN(T);
  10942     CR; %CR:  947
  10943     LOOP I 1 NUM;
  10944       SR 0 0 0 0 0 0 0 0 1; %SR: 2082
  10945       SSR C|I S|I 0; %SSR: 2197
  10946       SR 0 0 0 0 0 0 0 0 1; %SR: 2082
  10947       SSR C|I 0 S|I; %SSR: 2197
  10948       SR 0 0 0 0 0 0 0 0 1; %SR: 2082
  10949       SSR 0 C|I S|I; %SSR: 2197
  10950       ENDLOOP;
  10951     ENDPROCEDURE;
  10952   PROCEDURE RUN;
  10953     VARIABLE WHERE 100;
  10954     VARIABLE MAPPARAMS 1 6;
  10955     VARIABLE MAPARR 1000 6 324;
  10956     VARIABLE SPNRARR 1000 3 3 324;
  10957     VARIABLE SGX1 1;
  10958     VARIABLE SGY1 1;
  10959     VARIABLE SGX2 1;
  10960     VARIABLE SGY2 1;
  10961     VARIABLE EB1 1;
  10962     VARIABLE GAMMA 1;
  10963     VARIABLE NUM_ELE 1;
  10964     GROUTF 'img/dump/TR' 1;
  10965     OV 3 3 0; %OV:  969
  10966     GAMMA := 1.143914;
  10967     NUM_ELE := 70;
  10968     SET_FOR_DEUTERONS GAMMA; %SET_FOR_DEUTERONS:10611
  10969     EB1 := 133.4906633979517;
  10970     SGX1 :=  0.0;
  10971     SGY1  := 0.0;
  10972     SGX2 :=  0.0;
  10973     SGY2  := 0.0;
  10974     LATTICE SGX1 SGY1 SGX2 SGY2 EB1 1 MAPARR SPNRARR; %LATTICE:10648
  10975     INJECT1 10; %INJECT1:10920
  10976     OPENF 924 'TRPRAY_SEQ.dat' 'REPLACE';
  10977     OPENF 925 'TRPSPI_SEQ.dat' 'REPLACE';
  10978     TREL MAPARR SPNRARR 1 NUM_ELE 1 924 925; %TREL:10140
  10979     CLOSEF 924;
  10980     CLOSEF 925;
  10981     ENDPROCEDURE;
  10982   RUN; %RUN:10952
