 --- BIN FILE READ: elements
  10583 INCLUDE 'elements';
  10584   FUNCTION FACCLEN DUMMY;
  10585     FACCLEN := 503;
  10586     ENDFUNCTION;
  10587   FUNCTION FEKIN MOM         RESTMASS      ;
  10588     FEKIN := SQRT(SQR(MOM) + SQR(RESTMASS)) - RESTMASS;
  10589     ENDFUNCTION;
  10590   FUNCTION FMOM EKIN       RESTMASS      ;
  10591     FMOM := SQRT(SQR(EKIN)+2*EKIN*RESTMASS);
  10592     ENDFUNCTION;
  10593   PROCEDURE SET_FOR_PROTONS Y;
  10594     VARIABLE RESTMASSAMU 1;
  10595     VARIABLE RESTMASSMEV 1;
  10596     VARIABLE EKIN 1;
  10597     VARIABLE GAMMA 1;
  10598     VARIABLE BETA 1;
  10599     GAMMA := Y;
  10600     RESTMASSAMU := 1.00728;
  10601     RESTMASSMEV := RESTMASSAMU*AMUMEV;
  10602     BETA := SQRT(GAMMA*GAMMA - 1)/GAMMA;
  10603     EKIN := (GAMMA-1)*RESTMASSMEV;
  10604     RP EKIN RESTMASSAMU 1; %RP: 6326
  10605     RPS 1 1.792847; %RPS: 6403
  10606     WRITE 6 '++++++++++ SETTING UP FOR PROTONS:';
  10607     WRITE 6 'EKIN [MeV]          GAMMA          BETA';
  10608     WRITE 6 SF(EKIN, '(F15.7)')&SF(GAMMA, '(F15.7)')&SF(BETA, '(F15.7)
                  '); %SF:  285 %SF:  285 %SF:  285
  10609     WRITE 6 '+++++++++++++++++++++++++++++++++++';
  10610     ENDPROCEDURE;
  10611   PROCEDURE SET_FOR_DEUTERONS Y;
  10612     VARIABLE RESTMASSAMU 1;
  10613     VARIABLE RESTMASSMEV 1;
  10614     VARIABLE EKIN 1;
  10615     VARIABLE GAMMA 1;
  10616     VARIABLE BETA 1;
  10617     GAMMA := Y;
  10618     RESTMASSAMU := 2.01410;
  10619     RESTMASSMEV := RESTMASSAMU*AMUMEV;
  10620     BETA := SQRT(GAMMA*GAMMA - 1)/GAMMA;
  10621     EKIN := (GAMMA-1)*RESTMASSMEV;
  10622     RP EKIN RESTMASSAMU 1; %RP: 6326
  10623     RPS 1 -.142987; %RPS: 6403
  10624     WRITE 6 '++++++++++ SETTING UP FOR DEUTERONS:';
  10625     WRITE 6 'EKIN [MeV]          GAMMA          BETA';
  10626     WRITE 6 SF(EKIN, '(F15.7)')&SF(GAMMA, '(F15.7)')&SF(BETA, '(F15.7)
                  '); %SF:  285 %SF:  285 %SF:  285
  10627     WRITE 6 '+++++++++++++++++++++++++++++++++++';
  10628     ENDPROCEDURE;
  10629   PROCEDURE SET_FOR_DEUTERONS_CHROM Y;
  10630     VARIABLE RESTMASSAMU 1;
  10631     VARIABLE RESTMASSMEV 1;
  10632     VARIABLE EKIN 1;
  10633     VARIABLE GAMMA 1;
  10634     VARIABLE BETA 1;
  10635     GAMMA := Y;
  10636     RESTMASSAMU := 2.01410;
  10637     RESTMASSMEV := RESTMASSAMU*AMUMEV;
  10638     BETA := SQRT(GAMMA*GAMMA - 1)/GAMMA;
  10639     EKIN := (GAMMA-1)*RESTMASSMEV;
  10640     RP EKIN*PARA(1) RESTMASSAMU 1; %RP: 6326 %PARA: 1044
  10641     RPS 1 -.142987; %RPS: 6403
  10642     WRITE 6 '++++++++++ SETTING UP FOR DEUTERONS:';
  10643     WRITE 6 'EKIN [MeV]          GAMMA          BETA';
  10644     WRITE 6 SF(EKIN, '(F15.7)')&SF(GAMMA, '(F15.7)')&SF(BETA, '(F15.7)
                  '); %SF:  285 %SF:  285 %SF:  285
  10645     WRITE 6 '+++++++++++++++++++++++++++++++++++';
  10646     ENDPROCEDURE;
 --- BIN FILE WRITTEN: header
  10647   SAVE 'header';
