 --- BIN FILE READ: seq_QFS_16_small
  10771 INCLUDE 'seq_QFS_16_small';
  10772   PROCEDURE OPTIMIZE SEXTGX1 SEXTGY1 SEXTGX2 SEXTGY2 EBE;
  10773     VARIABLE MU 800;
  10774     VARIABLE NBAR 800 3;
  10775     VARIABLE OBJ1 1;
  10776     VARIABLE OBJ2 1;
  10777     VARIABLE OBJ 1;
  10778     VARIABLE SGX1 1;
  10779     VARIABLE SGX2 1;
  10780     VARIABLE SGY1 1;
  10781     VARIABLE SGY2 1;
  10782     VARIABLE EB1 1;
  10783     VARIABLE EB2 1;
  10784     VARIABLE E1 1;
  10785     VARIABLE GAMMA 1;
  10786     VARIABLE CHROM_X 1;
  10787     VARIABLE CHROM_Y 1;
  10788     VARIABLE QUADKX 1;
  10789     VARIABLE QUADKY 1;
  10790     VARIABLE QUADKZ 1;
  10791     VARIABLE MU0 1;
  10792     VARIABLE MU_TP 800 3;
  10793     WRITE 6 'BEGIN';
  10794     GAMMA := 1.143914;
  10795     EB1 := EBE;
  10796     SGX1 := SEXTGX1;
  10797     SGY1 := SEXTGY1;
  10798     SGX2 := SEXTGX2;
  10799     SGY2 := SEXTGY2;
  10800     WRITE 6 'USE EB1 = '&ST(EB1);
  10801     WRITE 6 'SGx1 := '&ST(SGX1)&';';
  10802     WRITE 6 'SGy1 := '&ST(SGY1)&';';
  10803     WRITE 6 'SGx2 := '&ST(SGX2)&';';
  10804     WRITE 6 'SGy2 := '&ST(SGY2)&';';
  10805     FIT SGX1 SGY1 SGX2;
  10806       LATTICE SGX1 SGY1 SGX2 SGY2 EB1 1; %LATTICE:10648
  10807       TSS MU NBAR 0; %TSS: 4289
  10808       MU0 := CONS(MU);
  10809       DAPEE MU 11 QUADKX;
  10810       DAPEE MU 33 QUADKY;
  10811       DAPEE MU 66 QUADKZ;
  10812       OBJ := SQRT(SQR(QUADKX) + SQR(QUADKY)+SQR(QUADKZ));
  10813       WRITE 6 'USE EB1 = '&ST(EB1);
  10814       WRITE 6 'SGx1 := '&ST(SGX1)&';';
  10815       WRITE 6 'SGy1 := '&ST(SGY1)&';';
  10816       WRITE 6 'SGx2 := '&ST(SGX2)&';';
  10817       WRITE 6 'SGy2 := '&ST(SGY2)&';';
  10818       WRITE 6 'quadKx :='&ST(QUADKX)&';';
  10819       WRITE 6 'quadKy :='&ST(QUADKY)&';';
  10820       WRITE 6 'quadKz :='&ST(QUADKZ)&';';
  10821       WRITE 6 'MU0 = '&ST(MU0)&';';
  10822       WRITE 6 'OBJ ='&ST(OBJ)&';';
  10823       ENDFIT 1E-9 1000 1 OBJ;
  10824     WRITE 6 '====================================';
  10825     WRITE 6 'SGx1 := '&ST(SGX1)&';';
  10826     WRITE 6 'SGy1 := '&ST(SGY1)&';';
  10827     WRITE 6 'SGx2 := '&ST(SGX2)&';';
  10828     WRITE 6 'SGy2 := '&ST(SGY2)&';';
  10829     WRITE 6 'quadKx :='&ST(QUADKX)&';';
  10830     WRITE 6 'quadKy :='&ST(QUADKY)&';';
  10831     WRITE 6 'quadKz :='&ST(QUADKZ)&';';
  10832     WRITE 6 'MU0 = '&ST(MU0)&';';
  10833     WRITE 6 'OBJ ='&ST(OBJ)&';';
  10834     ENDPROCEDURE;
  10835   PROCEDURE MAIN;
  10836     VARIABLE GAMMA 1;
  10837     VARIABLE SGX1 1;
  10838     VARIABLE SGY1 1;
  10839     VARIABLE EB1 1;
  10840     VARIABLE SGX2 1;
  10841     VARIABLE SGY2 1;
  10842     VARIABLE MU 800;
  10843     VARIABLE NBAR 800 3;
  10844     GAMMA := 1.143914;
  10845     OV 3 3 0; %OV:  969
  10846     DAEPS 1E-12;
  10847     SET_FOR_DEUTERONS GAMMA; %SET_FOR_DEUTERONS:10611
  10848     EB1 := 0.0;
  10849     EB1 := 133.4906633979517;
  10850     SGX1 := 0.0;
  10851     SGY1 := 0.0;
  10852     SGX2 := 0.0;
  10853     SGY2 := 0.0;
  10854     SGX1 := -.6799259350554631E-002;
  10855     SGY1 := -.4691403605045742E-001;
  10856     SGX2 := 0.6869494176206414E-001;
  10857     OPTIMIZE SGX1 SGY1 SGX2 SGY2 EB1; %OPTIMIZE:10772
  10858     WRITE 6 'USE EB1 = '&ST(EB1);
  10859     WRITE 6 'SGx1 := '&ST(SGX1)&';';
  10860     WRITE 6 'SGy1 := '&ST(SGY1)&';';
  10861     WRITE 6 'SGx2 := '&ST(SGX2)&';';
  10862     WRITE 6 'SGy2 := '&ST(SGY2)&';';
  10863     ENDPROCEDURE;
  10864   PROCEDURE RUN;
  10865     MAIN; %MAIN:10835
  10866     ENDPROCEDURE;
  10867   RUN; %RUN:10864
