 --- BIN FILE READ: seq_QFS_16_small
  10766 INCLUDE 'seq_QFS_16_small';
  10767   PROCEDURE OPTIMIZE SEXTGX1 SEXTGY1 SEXTGX2 SEXTGY2 EBE;
  10768     VARIABLE MU 800;
  10769     VARIABLE NBAR 800 3;
  10770     VARIABLE MU0 1;
  10771     VARIABLE OBJ1 1;
  10772     VARIABLE OBJ2 1;
  10773     VARIABLE OBJ 1;
  10774     VARIABLE SGX1 1;
  10775     VARIABLE SGY1 1;
  10776     VARIABLE SGX2 1;
  10777     VARIABLE SGY2 1;
  10778     VARIABLE EB1 1;
  10779     WRITE 6 'BEGIN';
  10780     SGX1 := SEXTGX1;
  10781     SGY1 := SEXTGY1;
  10782     SGX2 := SEXTGX2;
  10783     SGY2 := SEXTGY2;
  10784     EB1 := EBE;
  10785     WRITE 6 'SGx1, SGy1 = '&ST(SGX1)&' '&ST(SGY1);
  10786     WRITE 6 'SGx2, SGy2 = '&ST(SGX2)&' '&ST(SGY2);
  10787     WRITE 6 'EB1 = '&ST(EB1);
  10788     FIT EB1;
  10789       LATTICE SGX1 SGY1 SGX2 SGY2 EB1 1; %LATTICE:10648
  10790       WRITE 6 'LATTICE ALREADY READ';
  10791       TSS MU NBAR 0; %TSS: 4289
  10792       WRITE 6 'TSS DONE';
  10793       MU0 := CONS(MU);
  10794       OBJ := ABS(MU0);
  10795       WRITE 6 'EBE, MU0 = '&ST(EB1)&', '&ST(MU0);
  10796       WRITE 6 'OBJ ='&ST(OBJ);
  10797       ENDFIT 1E-15 1000 1 OBJ;
  10798     EBE := EB1;
  10799     ENDPROCEDURE;
  10800   PROCEDURE MAIN;
  10801     VARIABLE GAMMA 1;
  10802     VARIABLE SGX1 1;
  10803     VARIABLE SGY1 1;
  10804     VARIABLE SGX2 1;
  10805     VARIABLE SGY2 1;
  10806     VARIABLE EB1 1;
  10807     GAMMA := 1.143914;
  10808     SGX1 := 0.0;
  10809     SGY1 := 0.0;
  10810     SGX2 := 0.0;
  10811     SGY2 := 0.0;
  10812     EB1 := 0.0;
  10813     OV 3 3 0; %OV:  969
  10814     SET_FOR_DEUTERONS GAMMA; %SET_FOR_DEUTERONS:10611
  10815     PM 6; %PM: 1574
  10816     OPTIMIZE SGX1 SGY1 SGX2 SGY2 EB1; %OPTIMIZE:10767
  10817     WRITE 6 'SGx1, SGy1 = '&ST(SGX1)&' '&ST(SGY1);
  10818     WRITE 6 'SGx2, SGy2 = '&ST(SGX2)&' '&ST(SGY2);
  10819     WRITE 6 'EB1 = '&ST(EB1);
  10820     ENDPROCEDURE;
  10821   PROCEDURE RUN;
  10822     MAIN; %MAIN:10800
  10823     ENDPROCEDURE;
  10824   RUN; %RUN:10821
