 --- BIN FILE READ: header
  10647 INCLUDE 'header';
  10648   PROCEDURE LATTICE SEXTGX1 SEXTGY1 SEXTGX2 SEXTGY2 EB1 RFFLAG;
  10649     VARIABLE VRF 1 1 1;
  10650     VARIABLE FREQ 1;
  10651     VARIABLE HNUM 1;
  10652     VARIABLE I 1;
  10653     VARIABLE LEN_S 1;
  10654     VARIABLE A 1;
  10655     VARIABLE LEN_S_1 1;
  10656     VARIABLE EBE 1;
  10657     VARIABLE BBE 1;
  10658     VARIABLE QF0 1;
  10659     VARIABLE QF 1;
  10660     VARIABLE QD 1;
  10661     VARIABLE QF1 1;
  10662     VARIABLE QD1 1;
  10663     VARIABLE SF1 1;
  10664     VARIABLE SF2 1;
  10665     VARIABLE SD 1;
  10666     VARIABLE SD1 1;
  10667     EBE := EB1;
  10668     A := 0.05;
  10669     LEN_S := 0.000001;
  10670     SF1 := SEXTGX1;
  10671     SF2 := SEXTGX2;
  10672     SD  := SEXTGY1;
  10673     SD1 := SEXTGY2;
  10674     QF := 5.512654054;
  10675     QF0:= 4.707402493;
  10676     QD :=-5.224033423;
  10677     QF1:= 5.872497599;
  10678     QD1:=-5.874188915;
  10679     HNUM := 66;
  10680     VRF(1, 1) := 100/HNUM;
  10681     FREQ := HNUM*REVFREQ(FACCLEN(1)); %REVFREQ: 9907 %FACCLEN:10584
  10682     WRITE 6 '********************************************';
  10683     WRITE 6 '*      FS NICA BYPASS 7 NOW 2022           *';
  10684     WRITE 6 '********************************************';
  10685     WRITE 6 'REVOLUTION FREQUENCY: '&ST(REVFREQ(FACCLEN(1))/1E6)&' MHZ
                  '; %REVFREQ: 9907 %FACCLEN:10584
  10686     WRITE 6 'RF FREQUENCY: '&ST(FREQ/1E6)&' MHZ';
  10687     UM; %UM: 1488
  10688     CR; %CR:  947
  10689     IF RFFLAG=1;
  10690       RF VRF 0 FREQ 0 0.05; %RF: 8697
  10691       ENDIF;
  10692     LOOP I 1 8;
  10693       WRITE 6 'WF+SEXT';
  10694       QUAD 0.1 0 QD1 ; %QUAD:10321
  10695       DL 0.13 ; %DL: 6559
  10696       WIEN 0.8125 BBE EBE 0; %WIEN:10506
  10697       DL 0.13 ; %DL: 6559
  10698       QUAD 0.1 0 QF1 ; %QUAD:10321
  10699       QUAD 0.1 0 QF1 ; %QUAD:10321
  10700       DL 0.13 ; %DL: 6559
  10701       WIEN 0.8125 BBE EBE 0; %WIEN:10506
  10702       DL 0.13 ; %DL: 6559
  10703       QUAD 0.1 0 QD1 ; %QUAD:10321
  10704       QUAD 0.1 0 QD ; %QUAD:10321
  10705       DL 0.13 ; %DL: 6559
  10706       SBEND 0.25196415 0.1308996936 0 0 0 0 0 0.5 0.5 ; %SBEND:10385
  10707       DL 0.13 ; %DL: 6559
  10708       QUAD 0.1 0 QF ; %QUAD:10321
  10709       QUAD 0.1 0 QF ; %QUAD:10321
  10710       DL 0.13 ; %DL: 6559
  10711       SBEND 0.25196415 0.1308996936 0 0 0 0 0 0.5 0.5 ; %SBEND:10385
  10712       DL 0.13 ; %DL: 6559
  10713       QUAD 0.1 0 QD ; %QUAD:10321
  10714       QUAD 0.1 0 QD ; %QUAD:10321
  10715       DL 0.13 ; %DL: 6559
  10716       SBEND 0.25196415 0.1308996936 0 0 0 0 0 0.5 0.5 ; %SBEND:10385
  10717       DL 0.13 ; %DL: 6559
  10718       QUAD 0.1 0 QF ; %QUAD:10321
  10719       MH LEN_S SF2 0.05; %MH: 7153
  10720       QUAD 0.1 0 QF ; %QUAD:10321
  10721       DL 0.13 ; %DL: 6559
  10722       WIEN 0.8125 BBE EBE 0; %WIEN:10506
  10723       DL 0.13 ; %DL: 6559
  10724       QUAD 0.1 0 QD ; %QUAD:10321
  10725       MH LEN_S SD 0.05; %MH: 7153
  10726       QUAD 0.1 0 QD ; %QUAD:10321
  10727       DL 0.13 ; %DL: 6559
  10728       WIEN 0.8125 BBE EBE 0; %WIEN:10506
  10729       DL 0.13 ; %DL: 6559
  10730       QUAD 0.1 0 QF0 ; %QUAD:10321
  10731       MH LEN_S SF1 0.05; %MH: 7153
  10732       QUAD 0.1 0 QF0 ; %QUAD:10321
  10733       DL 0.13 ; %DL: 6559
  10734       WIEN 0.8125 BBE EBE 0; %WIEN:10506
  10735       DL 0.13 ; %DL: 6559
  10736       QUAD 0.1 0 QD ; %QUAD:10321
  10737       MH LEN_S SD 0.05; %MH: 7153
  10738       QUAD 0.1 0 QD ; %QUAD:10321
  10739       DL 0.13 ; %DL: 6559
  10740       WIEN 0.8125 BBE EBE 0; %WIEN:10506
  10741       DL 0.13 ; %DL: 6559
  10742       QUAD 0.1 0 QF ; %QUAD:10321
  10743       MH LEN_S SF2 0.05; %MH: 7153
  10744       QUAD 0.1 0 QF ; %QUAD:10321
  10745       DL 0.13 ; %DL: 6559
  10746       SBEND 0.25196415 0.1308996936 0 0 0 0 0 0.5 0.5 ; %SBEND:10385
  10747       DL 0.13 ; %DL: 6559
  10748       QUAD 0.1 0 QD ; %QUAD:10321
  10749       QUAD 0.1 0 QD ; %QUAD:10321
  10750       DL 0.13 ; %DL: 6559
  10751       SBEND 0.25196415 0.1308996936 0 0 0 0 0 0.5 0.5 ; %SBEND:10385
  10752       DL 0.13 ; %DL: 6559
  10753       QUAD 0.1 0 QF ; %QUAD:10321
  10754       QUAD 0.1 0 QF ; %QUAD:10321
  10755       DL 0.13 ; %DL: 6559
  10756       SBEND 0.25196415 0.1308996936 0 0 0 0 0 0.5 0.5 ; %SBEND:10385
  10757       DL 0.13 ; %DL: 6559
  10758       QUAD 0.1 0 QD ; %QUAD:10321
  10759       QUAD 0.1 0 QD1 ; %QUAD:10321
  10760       DL 0.13 ; %DL: 6559
  10761       WIEN 0.8125 BBE EBE 0; %WIEN:10506
  10762       DL 0.13 ; %DL: 6559
  10763       QUAD 0.1 0 QF1 ; %QUAD:10321
  10764       QUAD 0.1 0 QF1 ; %QUAD:10321
  10765       DL 0.13 ; %DL: 6559
  10766       WIEN 0.8125 BBE EBE 0; %WIEN:10506
  10767       DL 0.13 ; %DL: 6559
  10768       QUAD 0.1 0 QD1 ; %QUAD:10321
  10769       ENDLOOP;
  10770     ENDPROCEDURE;
 --- BIN FILE WRITTEN: seq_QFS_16_small
  10771   SAVE 'seq_QFS_16_small';
