 --- BIN FILE READ: header
  10647 INCLUDE 'header';
  10648   PROCEDURE LATTICE SEXTGX1 SEXTGY1 SEXTGX2 SEXTGY2 EB1 RFFLAG MAPARR 
                  SPNRARR;
  10649     VARIABLE VRF 1 1 1;
  10650     VARIABLE FREQ 1;
  10651     VARIABLE HNUM 1;
  10652     VARIABLE I 1;
  10653     VARIABLE LEN_S 1;
  10654     VARIABLE A 1;
  10655     VARIABLE LEN_S_1 1;
  10656     VARIABLE EBE 1;
  10657     VARIABLE BBE 1;
  10658     VARIABLE QF0 1;
  10659     VARIABLE QF 1;
  10660     VARIABLE QD 1;
  10661     VARIABLE QF1 1;
  10662     VARIABLE QD1 1;
  10663     VARIABLE SF1 1;
  10664     VARIABLE SF2 1;
  10665     VARIABLE SD 1;
  10666     VARIABLE SD1 1;
  10667     EBE := EB1;
  10668     A := 0.05;
  10669     LEN_S := 0.30;
  10670     LEN_S_1 := 0.000001;
  10671     SF1 := SEXTGX1;
  10672     SF2 := SEXTGX2;
  10673     SD  := SEXTGY1;
  10674     SD1 := SEXTGY2;
  10675     QF := 5.512654054;
  10676     QF0:= 4.707402493;
  10677     QD :=-5.224033423;
  10678     QF1:= 5.872497599;
  10679     QD1:=-5.874188915;
  10680     HNUM := 66;
  10681     VRF(1, 1) := 100/HNUM;
  10682     FREQ := HNUM*REVFREQ(FACCLEN(1)); %REVFREQ: 9907 %FACCLEN:10584
  10683     WRITE 6 '********************************************';
  10684     WRITE 6 '*      FS NICA BYPASS 7 NOW 2022           *';
  10685     WRITE 6 '********************************************';
  10686     WRITE 6 'REVOLUTION FREQUENCY: '&ST(REVFREQ(FACCLEN(1))/1E6)&' MHZ
                  '; %REVFREQ: 9907 %FACCLEN:10584
  10687     WRITE 6 'RF FREQUENCY: '&ST(FREQ/1E6)&' MHZ';
  10688     UM; %UM: 1488
  10689     CR; %CR:  947
  10690     IF RFFLAG=1;
  10691       RF VRF 0 FREQ 0 0.05; %RF: 8697
  10692       ENDIF;
  10693     LOOP I 1 1;
  10694       UM; %UM: 1488
  10695       QUAD 0.1 0 QD1 ; %QUAD:10321
  10696       SMAPS 1 MAPARR SPNRARR; %SMAPS:10113
  10697       UM; %UM: 1488
  10698       DL 0.13 ; %DL: 6559
  10699       SMAPS 2 MAPARR SPNRARR; %SMAPS:10113
  10700       UM; %UM: 1488
  10701       WIEN 0.8125 BBE EBE 0; %WIEN:10506
  10702       SMAPS 3 MAPARR SPNRARR; %SMAPS:10113
  10703       UM; %UM: 1488
  10704       DL 0.13 ; %DL: 6559
  10705       SMAPS 4 MAPARR SPNRARR; %SMAPS:10113
  10706       UM; %UM: 1488
  10707       QUAD 0.1 0 QF1 ; %QUAD:10321
  10708       SMAPS 5 MAPARR SPNRARR; %SMAPS:10113
  10709       UM; %UM: 1488
  10710       QUAD 0.1 0 QF1 ; %QUAD:10321
  10711       SMAPS 6 MAPARR SPNRARR; %SMAPS:10113
  10712       UM; %UM: 1488
  10713       DL 0.13 ; %DL: 6559
  10714       SMAPS 7 MAPARR SPNRARR; %SMAPS:10113
  10715       UM; %UM: 1488
  10716       WIEN 0.8125 BBE EBE 0; %WIEN:10506
  10717       SMAPS 8 MAPARR SPNRARR; %SMAPS:10113
  10718       UM; %UM: 1488
  10719       DL 0.13 ; %DL: 6559
  10720       SMAPS 9 MAPARR SPNRARR; %SMAPS:10113
  10721       UM; %UM: 1488
  10722       QUAD 0.1 0 QD1 ; %QUAD:10321
  10723       SMAPS 10 MAPARR SPNRARR; %SMAPS:10113
  10724       UM; %UM: 1488
  10725       QUAD 0.1 0 QD ; %QUAD:10321
  10726       SMAPS 11 MAPARR SPNRARR; %SMAPS:10113
  10727       UM; %UM: 1488
  10728       DL 0.13 ; %DL: 6559
  10729       SMAPS 12 MAPARR SPNRARR; %SMAPS:10113
  10730       UM; %UM: 1488
  10731       SBEND 0.25196415 0.1308996936 0 0 0 0 0 0.5 0.5 ; %SBEND:10385
  10732       SMAPS 13 MAPARR SPNRARR; %SMAPS:10113
  10733       UM; %UM: 1488
  10734       DL 0.13 ; %DL: 6559
  10735       SMAPS 14 MAPARR SPNRARR; %SMAPS:10113
  10736       UM; %UM: 1488
  10737       QUAD 0.1 0 QF ; %QUAD:10321
  10738       SMAPS 15 MAPARR SPNRARR; %SMAPS:10113
  10739       UM; %UM: 1488
  10740       QUAD 0.1 0 QF ; %QUAD:10321
  10741       SMAPS 16 MAPARR SPNRARR; %SMAPS:10113
  10742       UM; %UM: 1488
  10743       DL 0.13 ; %DL: 6559
  10744       SMAPS 17 MAPARR SPNRARR; %SMAPS:10113
  10745       UM; %UM: 1488
  10746       SBEND 0.25196415 0.1308996936 0 0 0 0 0 0.5 0.5 ; %SBEND:10385
  10747       SMAPS 18 MAPARR SPNRARR; %SMAPS:10113
  10748       UM; %UM: 1488
  10749       DL 0.13 ; %DL: 6559
  10750       SMAPS 19 MAPARR SPNRARR; %SMAPS:10113
  10751       UM; %UM: 1488
  10752       QUAD 0.1 0 QD ; %QUAD:10321
  10753       SMAPS 20 MAPARR SPNRARR; %SMAPS:10113
  10754       UM; %UM: 1488
  10755       QUAD 0.1 0 QD ; %QUAD:10321
  10756       SMAPS 21 MAPARR SPNRARR; %SMAPS:10113
  10757       UM; %UM: 1488
  10758       DL 0.13 ; %DL: 6559
  10759       SMAPS 22 MAPARR SPNRARR; %SMAPS:10113
  10760       UM; %UM: 1488
  10761       SBEND 0.25196415 0.1308996936 0 0 0 0 0 0.5 0.5 ; %SBEND:10385
  10762       SMAPS 23 MAPARR SPNRARR; %SMAPS:10113
  10763       UM; %UM: 1488
  10764       DL 0.13 ; %DL: 6559
  10765       SMAPS 24 MAPARR SPNRARR; %SMAPS:10113
  10766       UM; %UM: 1488
  10767       QUAD 0.1 0 QF ; %QUAD:10321
  10768       SMAPS 25 MAPARR SPNRARR; %SMAPS:10113
  10769       UM; %UM: 1488
  10770       QUAD 0.1 0 QF ; %QUAD:10321
  10771       SMAPS 26 MAPARR SPNRARR; %SMAPS:10113
  10772       UM; %UM: 1488
  10773       DL 0.13 ; %DL: 6559
  10774       SMAPS 27 MAPARR SPNRARR; %SMAPS:10113
  10775       UM; %UM: 1488
  10776       WIEN 0.8125 BBE EBE 0; %WIEN:10506
  10777       SMAPS 28 MAPARR SPNRARR; %SMAPS:10113
  10778       UM; %UM: 1488
  10779       DL 0.13 ; %DL: 6559
  10780       SMAPS 29 MAPARR SPNRARR; %SMAPS:10113
  10781       UM; %UM: 1488
  10782       QUAD 0.1 0 QD ; %QUAD:10321
  10783       SMAPS 30 MAPARR SPNRARR; %SMAPS:10113
  10784       UM; %UM: 1488
  10785       QUAD 0.1 0 QD ; %QUAD:10321
  10786       SMAPS 31 MAPARR SPNRARR; %SMAPS:10113
  10787       UM; %UM: 1488
  10788       DL 0.13 ; %DL: 6559
  10789       SMAPS 32 MAPARR SPNRARR; %SMAPS:10113
  10790       UM; %UM: 1488
  10791       WIEN 0.8125 BBE EBE 0; %WIEN:10506
  10792       SMAPS 33 MAPARR SPNRARR; %SMAPS:10113
  10793       UM; %UM: 1488
  10794       DL 0.13 ; %DL: 6559
  10795       SMAPS 34 MAPARR SPNRARR; %SMAPS:10113
  10796       UM; %UM: 1488
  10797       QUAD 0.1 0 QF0 ; %QUAD:10321
  10798       SMAPS 35 MAPARR SPNRARR; %SMAPS:10113
  10799       UM; %UM: 1488
  10800       QUAD 0.1 0 QF0 ; %QUAD:10321
  10801       SMAPS 36 MAPARR SPNRARR; %SMAPS:10113
  10802       UM; %UM: 1488
  10803       DL 0.13 ; %DL: 6559
  10804       SMAPS 37 MAPARR SPNRARR; %SMAPS:10113
  10805       UM; %UM: 1488
  10806       WIEN 0.8125 BBE EBE 0; %WIEN:10506
  10807       SMAPS 38 MAPARR SPNRARR; %SMAPS:10113
  10808       UM; %UM: 1488
  10809       DL 0.13 ; %DL: 6559
  10810       SMAPS 39 MAPARR SPNRARR; %SMAPS:10113
  10811       UM; %UM: 1488
  10812       QUAD 0.1 0 QD ; %QUAD:10321
  10813       SMAPS 40 MAPARR SPNRARR; %SMAPS:10113
  10814       UM; %UM: 1488
  10815       QUAD 0.1 0 QD ; %QUAD:10321
  10816       SMAPS 41 MAPARR SPNRARR; %SMAPS:10113
  10817       UM; %UM: 1488
  10818       DL 0.13 ; %DL: 6559
  10819       SMAPS 42 MAPARR SPNRARR; %SMAPS:10113
  10820       UM; %UM: 1488
  10821       WIEN 0.8125 BBE EBE 0; %WIEN:10506
  10822       SMAPS 43 MAPARR SPNRARR; %SMAPS:10113
  10823       UM; %UM: 1488
  10824       DL 0.13 ; %DL: 6559
  10825       SMAPS 44 MAPARR SPNRARR; %SMAPS:10113
  10826       UM; %UM: 1488
  10827       QUAD 0.1 0 QF ; %QUAD:10321
  10828       SMAPS 45 MAPARR SPNRARR; %SMAPS:10113
  10829       UM; %UM: 1488
  10830       QUAD 0.1 0 QF ; %QUAD:10321
  10831       SMAPS 46 MAPARR SPNRARR; %SMAPS:10113
  10832       UM; %UM: 1488
  10833       DL 0.13 ; %DL: 6559
  10834       SMAPS 47 MAPARR SPNRARR; %SMAPS:10113
  10835       UM; %UM: 1488
  10836       SBEND 0.25196415 0.1308996936 0 0 0 0 0 0.5 0.5 ; %SBEND:10385
  10837       SMAPS 48 MAPARR SPNRARR; %SMAPS:10113
  10838       UM; %UM: 1488
  10839       DL 0.13 ; %DL: 6559
  10840       SMAPS 49 MAPARR SPNRARR; %SMAPS:10113
  10841       UM; %UM: 1488
  10842       QUAD 0.1 0 QD ; %QUAD:10321
  10843       SMAPS 50 MAPARR SPNRARR; %SMAPS:10113
  10844       UM; %UM: 1488
  10845       QUAD 0.1 0 QD ; %QUAD:10321
  10846       SMAPS 51 MAPARR SPNRARR; %SMAPS:10113
  10847       UM; %UM: 1488
  10848       DL 0.13 ; %DL: 6559
  10849       SMAPS 52 MAPARR SPNRARR; %SMAPS:10113
  10850       UM; %UM: 1488
  10851       SBEND 0.25196415 0.1308996936 0 0 0 0 0 0.5 0.5 ; %SBEND:10385
  10852       SMAPS 53 MAPARR SPNRARR; %SMAPS:10113
  10853       UM; %UM: 1488
  10854       DL 0.13 ; %DL: 6559
  10855       SMAPS 54 MAPARR SPNRARR; %SMAPS:10113
  10856       UM; %UM: 1488
  10857       QUAD 0.1 0 QF ; %QUAD:10321
  10858       SMAPS 55 MAPARR SPNRARR; %SMAPS:10113
  10859       UM; %UM: 1488
  10860       QUAD 0.1 0 QF ; %QUAD:10321
  10861       SMAPS 56 MAPARR SPNRARR; %SMAPS:10113
  10862       UM; %UM: 1488
  10863       DL 0.13 ; %DL: 6559
  10864       SMAPS 57 MAPARR SPNRARR; %SMAPS:10113
  10865       UM; %UM: 1488
  10866       SBEND 0.25196415 0.1308996936 0 0 0 0 0 0.5 0.5 ; %SBEND:10385
  10867       SMAPS 58 MAPARR SPNRARR; %SMAPS:10113
  10868       UM; %UM: 1488
  10869       DL 0.13 ; %DL: 6559
  10870       SMAPS 59 MAPARR SPNRARR; %SMAPS:10113
  10871       UM; %UM: 1488
  10872       QUAD 0.1 0 QD ; %QUAD:10321
  10873       SMAPS 60 MAPARR SPNRARR; %SMAPS:10113
  10874       UM; %UM: 1488
  10875       QUAD 0.1 0 QD1 ; %QUAD:10321
  10876       SMAPS 61 MAPARR SPNRARR; %SMAPS:10113
  10877       UM; %UM: 1488
  10878       DL 0.13 ; %DL: 6559
  10879       SMAPS 62 MAPARR SPNRARR; %SMAPS:10113
  10880       UM; %UM: 1488
  10881       WIEN 0.8125 BBE EBE 0; %WIEN:10506
  10882       SMAPS 63 MAPARR SPNRARR; %SMAPS:10113
  10883       UM; %UM: 1488
  10884       DL 0.13 ; %DL: 6559
  10885       SMAPS 64 MAPARR SPNRARR; %SMAPS:10113
  10886       UM; %UM: 1488
  10887       QUAD 0.1 0 QF1 ; %QUAD:10321
  10888       SMAPS 65 MAPARR SPNRARR; %SMAPS:10113
  10889       UM; %UM: 1488
  10890       QUAD 0.1 0 QF1 ; %QUAD:10321
  10891       SMAPS 66 MAPARR SPNRARR; %SMAPS:10113
  10892       UM; %UM: 1488
  10893       DL 0.13 ; %DL: 6559
  10894       SMAPS 67 MAPARR SPNRARR; %SMAPS:10113
  10895       UM; %UM: 1488
  10896       WIEN 0.8125 BBE EBE 0; %WIEN:10506
  10897       SMAPS 68 MAPARR SPNRARR; %SMAPS:10113
  10898       UM; %UM: 1488
  10899       DL 0.13 ; %DL: 6559
  10900       SMAPS 69 MAPARR SPNRARR; %SMAPS:10113
  10901       UM; %UM: 1488
  10902       QUAD 0.1 0 QD1 ; %QUAD:10321
  10903       SMAPS 70 MAPARR SPNRARR; %SMAPS:10113
  10904       ENDLOOP;
  10905     ENDPROCEDURE;
 --- BIN FILE WRITTEN: seq_QFS_16_small_maps
  10906   SAVE 'seq_QFS_16_small_maps';
